                  
 Confusion Matrix: 
                  
     | prediction| 
     |   0 |  1  | 
 ----+-----+-----+ 
 l 0 | 5297| 2844| 
 b --+-----+-----+ 
 l 1 |  466|  572| 
 ----+-----+-----+ 
                   
  accuraccy: 0.639394269528271
  precision: 0.16744730679156908
  recall:    0.5510597302504817
  f1:        0.2568477772788505

------------------------------------
                  
 Confusion Matrix: 
                  
     | prediction| 
     |   0 |  1  | 
 ----+-----+-----+ 
 l 0 | 5269| 2802| 
 b --+-----+-----+ 
 l 1 |  478|  587| 
 ----+-----+-----+ 
                   
  accuraccy: 0.6409807355516638
  precision: 0.17320743582177633
  recall:    0.5511737089201878
  f1:        0.2635832959137854

------------------------------------
TRAINING {CHURN}-{FUTURE_LOOKAHEAD_WEEKS}-{PAST_NEAR_HISTORY_WEEKS}-{PAST_OLD_HISTORY_WEEKS}-{DOWNSAMPLE} rf_10_4
------------------------------------
                  
 Confusion Matrix: 
                  
     | prediction| 
     |   0 |  1  | 
 ----+-----+-----+ 
 l 0 | 5297| 2774| 
 b --+-----+-----+ 
 l 1 |  493|  572| 
 ----+-----+-----+ 
                   
  accuraccy: 0.6424036777583187
  precision: 0.17095038852361027
  recall:    0.5370892018779343
  f1:        0.2593516209476309

------------------------------------
TRAINING canceldown-1-1-1-1 rf_10_4
------------------------------------
                  
 Confusion Matrix: 
                  
     | prediction| 
     |   0 |  1  | 
 ----+-----+-----+ 
 l 0 | 6617| 4218| 
 b --+-----+-----+ 
 l 1 |  690| 1215| 
 ----+-----+-----+ 
                   
  accuraccy: 0.6147566718995291
  precision: 0.22363335173937052
  recall:    0.6377952755905512
  f1:        0.3311529026982829

------------------------------------
TRAINING canceldown-2-2-99-1 rf_10_4
------------------------------------
                  
 Confusion Matrix: 
                  
     | prediction| 
     |   0 |  1  | 
 ----+-----+-----+ 
 l 0 | 7262| 3682| 
 b --+-----+-----+ 
 l 1 |  806| 1151| 
 ----+-----+-----+ 
                   
  accuraccy: 0.6521199906983954
  precision: 0.23815435547279123
  recall:    0.5881451200817578
  f1:        0.33902798232695147

------------------------------------
TRAINING canceldown-2-1-99-1 rf_10_4
------------------------------------
                  
 Confusion Matrix: 
                  
     | prediction| 
     |   0 |  1  | 
 ----+-----+-----+ 
 l 0 | 5475| 4389| 
 b --+-----+-----+ 
 l 1 |  358|  746| 
 ----+-----+-----+ 
                   
  accuraccy: 0.5671954777534646
  precision: 0.14527750730282377
  recall:    0.6757246376811594
  f1:        0.23914088796281455

------------------------------------
TRAINING canceldown-1-2-99-1 rf_10_4
------------------------------------
                  
 Confusion Matrix: 
                  
     | prediction| 
     |   0 |  1  | 
 ----+-----+-----+ 
 l 0 | 6043| 4069| 
 b --+-----+-----+ 
 l 1 |  427|  695| 
 ----+-----+-----+ 
                   
  accuraccy: 0.5997863628271319
  precision: 0.14588581024349287
  recall:    0.6194295900178253
  f1:        0.236153584777438

------------------------------------
TRAINING canceldown-1-1-99-1 rf_10_4
------------------------------------

------------------------------------
TRAINING canceldown-2-1-99-0.25 rf_10_4
------------------------------------
                  
 Confusion Matrix: 
                  
     | prediction| 
     |   0 |  1  | 
 ----+-----+-----+ 
 l 0 |10944|    0| 
 b --+-----+-----+ 
 l 1 | 1957|    0| 
 ----+-----+-----+ 
                   
  accuraccy: 0.8483063328424153
  precision: 0
  recall:    0.0
  f1:        0

------------------------------------
TRAINING canceldown-2-1-99-0.5 rf_10_4
------------------------------------
                  
 Confusion Matrix: 
                  
     | prediction| 
     |   0 |  1  | 
 ----+-----+-----+ 
 l 0 |10414|  530| 
 b --+-----+-----+ 
 l 1 | 1626|  331| 
 ----+-----+-----+ 
                   
  accuraccy: 0.8328811720021704
  precision: 0.38443670150987225
  recall:    0.16913643331630046
  f1:        0.23491838183108585

------------------------------------
TRAINING canceldown-2-1-99-0.75 rf_10_4
------------------------------------
                  
 Confusion Matrix: 
                  
     | prediction| 
     |   0 |  1  | 
 ----+-----+-----+ 
 l 0 | 8754| 2190| 
 b --+-----+-----+ 
 l 1 | 1118|  839| 
 ----+-----+-----+ 
                   
  accuraccy: 0.7435857685450741
  precision: 0.2769891053152856
  recall:    0.428717424629535
  f1:        0.33654231849177696

------------------------------------
TRAINING canceldown-2-2-99-1 rf_10_4
------------------------------------
                  
 Confusion Matrix: 
                  
     | prediction| 
     |   0 |  1  | 
 ----+-----+-----+ 
 l 0 | 6617| 4218| 
 b --+-----+-----+ 
 l 1 |  690| 1204| 
 ----+-----+-----+ 
                   
  accuraccy: 0.6144237567758661
  precision: 0.22205828107709333
  recall:    0.6356916578669483
  f1:        0.32914160743575727

------------------------------------
TRAINING canceldown-2-1-99-1 rf_10_4
------------------------------------
                  
 Confusion Matrix: 
                  
     | prediction| 
     |   0 |  1  | 
 ----+-----+-----+ 
 l 0 | 7262| 3682| 
 b --+-----+-----+ 
 l 1 |  806| 1151| 
 ----+-----+-----+ 
                   
  accuraccy: 0.6521199906983954
  precision: 0.23815435547279123
  recall:    0.5881451200817578
  f1:        0.33902798232695147

------------------------------------
TRAINING canceldown-2-1-1-1 rf_10_4
------------------------------------

------------------------------------
TRAINING canceldown-2-1-1-r_nh_-1 rf_10_4
------------------------------------
                  
 Confusion Matrix: 
                  
     | prediction| 
     |   0 |  1  | 
 ----+-----+-----+ 
 l 0 | 5455| 3411| 
 b --+-----+-----+ 
 l 1 |  641| 1041| 
 ----+-----+-----+ 
                   
  accuraccy: 0.6158513462267728
  precision: 0.23382749326145552
  recall:    0.6189060642092746
  f1:        0.33941962830127154

------------------------------------
TRAINING canceldown-2-1-2-r_nh_-1 rf_10_4
------------------------------------
                  
 Confusion Matrix: 
                  
     | prediction| 
     |   0 |  1  | 
 ----+-----+-----+ 
 l 0 | 6304| 3934| 
 b --+-----+-----+ 
 l 1 |  713| 1169| 
 ----+-----+-----+ 
                   
  accuraccy: 0.6165841584158416
  precision: 0.22908093278463648
  recall:    0.6211477151965994
  f1:        0.33471725125268437

------------------------------------
TRAINING canceldown-2-1-3-r_nh_-1 rf_10_4
------------------------------------
                  
 Confusion Matrix: 
                  
     | prediction| 
     |   0 |  1  | 
 ----+-----+-----+ 
 l 0 | 7105| 3586| 
 b --+-----+-----+ 
 l 1 |  800| 1109| 
 ----+-----+-----+ 
                   
  accuraccy: 0.6519047619047619
  precision: 0.2362087326943557
  recall:    0.5809324253535882
  f1:        0.33585705632949725

------------------------------------
TRAINING canceldown-2-1-4-r_nh_-1 rf_10_4
------------------------------------
                  
 Confusion Matrix: 
                  
     | prediction| 
     |   0 |  1  | 
 ----+-----+-----+ 
 l 0 | 7362| 3572| 
 b --+-----+-----+ 
 l 1 |  757| 1113| 
 ----+-----+-----+ 
                   
  accuraccy: 0.6619025304592315
  precision: 0.2375667022411953
  recall:    0.5951871657754011
  f1:        0.33958810068649886

------------------------------------
TRAINING canceldown-2-1-5-r_nh_-1 rf_10_4
------------------------------------
                  
 Confusion Matrix: 
                  
     | prediction| 
     |   0 |  1  | 
 ----+-----+-----+ 
 l 0 | 7252| 3702| 
 b --+-----+-----+ 
 l 1 |  783| 1129| 
 ----+-----+-----+ 
                   
  accuraccy: 0.6514068086429349
  precision: 0.23369902711653903
  recall:    0.5904811715481172
  f1:        0.33486578674180634

------------------------------------
TRAINING canceldown-2-1-1-r_nh_oh_nhn_ohn_d_-1 rf_10_4
------------------------------------
                  
 Confusion Matrix: 
                  
     | prediction| 
     |   0 |  1  | 
 ----+-----+-----+ 
 l 0 | 5448| 3418| 
 b --+-----+-----+ 
 l 1 |  629| 1053| 
 ----+-----+-----+ 
                   
  accuraccy: 0.6163253697383391
  precision: 0.2355177812569895
  recall:    0.6260404280618311
  f1:        0.3422720624085812
  mcc:       0.17819110153503243

------------------------------------
TRAINING cancel-2-1-1-r_nh_oh_nhn_ohn_d_-1 rf_10_4
------------------------------------
                  
 Confusion Matrix: 
                  
     | prediction| 
     |   0 |  1  | 
 ----+-----+-----+ 
 l 0 | 5542| 4280| 
 b --+-----+-----+ 
 l 1 |  257|  469| 
 ----+-----+-----+ 
                   
  accuraccy: 0.569871065604854
  precision: 0.09875763318593388
  recall:    0.6460055096418733
  f1:        0.17132420091324202
  mcc:       0.10698543749841787

------------------------------------
TRAINING down-2-1-1-r_nh_oh_nhn_ohn_d_-1 rf_10_4
------------------------------------
                  
 Confusion Matrix: 
                  
     | prediction| 
     |   0 |  1  | 
 ----+-----+-----+ 
 l 0 | 5869| 3652| 
 b --+-----+-----+ 
 l 1 |  386|  641| 
 ----+-----+-----+ 
                   
  accuraccy: 0.6171786120591581
  precision: 0.14931283484742605
  recall:    0.6241480038948394
  f1:        0.24097744360902257
  mcc:       0.14517192192351205

------------------------------------
TRAINING canceldown-2-1-1-r_nh_-1 rf_10_4
------------------------------------
                  
 Confusion Matrix: 
                  
     | prediction| 
     |   0 |  1  | 
 ----+-----+-----+ 
 l 0 | 5528| 3338| 
 b --+-----+-----+ 
 l 1 |  650| 1032| 
 ----+-----+-----+ 
                   
  accuraccy: 0.6219188471748198
  precision: 0.23615560640732267
  recall:    0.6135552913198573
  f1:        0.341044282881692
  mcc:       0.17618623193469107

------------------------------------
TRAINING canceldown-2-1-1-r_oh_-1 rf_10_4
------------------------------------
                  
 Confusion Matrix: 
                  
     | prediction| 
     |   0 |  1  | 
 ----+-----+-----+ 
 l 0 | 5874| 2992| 
 b --+-----+-----+ 
 l 1 |  738|  944| 
 ----+-----+-----+ 
                   
  accuraccy: 0.6463784603716344
  precision: 0.23983739837398374
  recall:    0.5612366230677764
  f1:        0.33606265574937705
  mcc:       0.16938703820033416

------------------------------------
TRAINING canceldown-2-1-1-r_nhn_-1 rf_10_4
------------------------------------
                  
 Confusion Matrix: 
                  
     | prediction| 
     |   0 |  1  | 
 ----+-----+-----+ 
 l 0 | 5329| 3537| 
 b --+-----+-----+ 
 l 1 |  619| 1063| 
 ----+-----+-----+ 
                   
  accuraccy: 0.6059916571861964
  precision: 0.23108695652173913
  recall:    0.6319857312722948
  f1:        0.33842725246736705
  mcc:       0.17204974946714036

------------------------------------
TRAINING canceldown-2-1-1-r_ohn_-1 rf_10_4
------------------------------------
                  
 Confusion Matrix: 
                  
     | prediction| 
     |   0 |  1  | 
 ----+-----+-----+ 
 l 0 | 5050| 3816| 
 b --+-----+-----+ 
 l 1 |  576| 1106| 
 ----+-----+-----+ 
                   
  accuraccy: 0.5836177474402731
  precision: 0.22470540430719219
  recall:    0.6575505350772889
  f1:        0.3349485160508782
  mcc:       0.1666879029541852

------------------------------------
TRAINING canceldown-2-1-1-r_d_-1 rf_10_4
------------------------------------
                  
 Confusion Matrix: 
                  
     | prediction| 
     |   0 |  1  | 
 ----+-----+-----+ 
 l 0 | 4973| 3893| 
 b --+-----+-----+ 
 l 1 |  565| 1117| 
 ----+-----+-----+ 
                   
  accuraccy: 0.5773606370875995
  precision: 0.22295409181636727
  recall:    0.664090368608799
  f1:        0.33383144052600117
  mcc:       0.16495240094842742

------------------------------------
TRAINING canceldown-2-1-1-nh_oh_-1 rf_10_4
------------------------------------
                  
 Confusion Matrix: 
                  
     | prediction| 
     |   0 |  1  | 
 ----+-----+-----+ 
 l 0 | 5188| 3678| 
 b --+-----+-----+ 
 l 1 |  575| 1088| 
 ----+-----+-----+ 
                   
  accuraccy: 0.5960680026593219
  precision: 0.2282836760386068
  recall:    0.6542393265183404
  f1:        0.3384663244672578
  mcc:       0.17539844540986646

------------------------------------
TRAINING canceldown-2-1-1-nh_nhn_-1 rf_10_4
------------------------------------
                  
 Confusion Matrix: 
                  
     | prediction| 
     |   0 |  1  | 
 ----+-----+-----+ 
 l 0 | 5801| 3065| 
 b --+-----+-----+ 
 l 1 |  705|  977| 
 ----+-----+-----+ 
                   
  accuraccy: 0.642586272279105
  precision: 0.2417120237506185
  recall:    0.5808561236623068
  f1:        0.34136967155835085
  mcc:       0.17708142578505587

------------------------------------
TRAINING canceldown-2-1-1-nh_ohn_-1 rf_10_4
------------------------------------
                  
 Confusion Matrix: 
                  
     | prediction| 
     |   0 |  1  | 
 ----+-----+-----+ 
 l 0 | 5755| 3111| 
 b --+-----+-----+ 
 l 1 |  685|  982| 
 ----+-----+-----+ 
                   
  accuraccy: 0.6396088483812779
  precision: 0.2399218177376008
  recall:    0.5890821835632873
  f1:        0.34097222222222223
  mcc:       0.17835835524129529

------------------------------------
TRAINING canceldown-2-1-1-nh_d_-1 rf_10_4
------------------------------------
                  
 Confusion Matrix: 
                  
     | prediction| 
     |   0 |  1  | 
 ----+-----+-----+ 
 l 0 | 5749| 3117| 
 b --+-----+-----+ 
 l 1 |  705|  999| 
 ----+-----+-----+ 
                   
  accuraccy: 0.6384105960264901
  precision: 0.24271137026239067
  recall:    0.5862676056338029
  f1:        0.343298969072165
  mcc:       0.1769942872170781

------------------------------------
TRAINING canceldown-2-1-1-oh_nhn_-1 rf_10_4
------------------------------------
                  
 Confusion Matrix: 
                  
     | prediction| 
     |   0 |  1  | 
 ----+-----+-----+ 
 l 0 | 5291| 3575| 
 b --+-----+-----+ 
 l 1 |  600| 1082| 
 ----+-----+-----+ 
                   
  accuraccy: 0.604190367842245
  precision: 0.23233841528881255
  recall:    0.643281807372176
  f1:        0.3413787663669348
  mcc:       0.17698717440488151

------------------------------------
TRAINING canceldown-2-1-1-oh_ohn_-1 rf_10_4
------------------------------------
                  
 Confusion Matrix: 
                  
     | prediction| 
     |   0 |  1  | 
 ----+-----+-----+ 
 l 0 | 5630| 3236| 
 b --+-----+-----+ 
 l 1 |  730|  952| 
 ----+-----+-----+ 
                   
  accuraccy: 0.624004550625711
  precision: 0.22731614135625597
  recall:    0.5659928656361475
  f1:        0.3243611584327087
  mcc:       0.15039989758061956

------------------------------------
TRAINING canceldown-2-1-1-oh_d_-1 rf_10_4
------------------------------------
                  
 Confusion Matrix: 
                  
     | prediction| 
     |   0 |  1  | 
 ----+-----+-----+ 
 l 0 | 5434| 3432| 
 b --+-----+-----+ 
 l 1 |  670| 1012| 
 ----+-----+-----+ 
                   
  accuraccy: 0.6111111111111112
  precision: 0.22772277227722773
  recall:    0.6016646848989299
  f1:        0.3303950375448907
  mcc:       0.15909163458271297

------------------------------------
TRAINING canceldown-2-1-1-nhn_ohn_-1 rf_10_4
------------------------------------
                  
 Confusion Matrix: 
                  
     | prediction| 
     |   0 |  1  | 
 ----+-----+-----+ 
 l 0 | 5284| 3582| 
 b --+-----+-----+ 
 l 1 |  588| 1094| 
 ----+-----+-----+ 
                   
  accuraccy: 0.6046643913538111
  precision: 0.2339606501283148
  recall:    0.6504161712247325
  f1:        0.3441333752752438
  mcc:       0.18158867259415026

------------------------------------
TRAINING canceldown-2-1-1-nhn_d_-1 rf_10_4
------------------------------------
                  
 Confusion Matrix: 
                  
     | prediction| 
     |   0 |  1  | 
 ----+-----+-----+ 
 l 0 | 5360| 3506| 
 b --+-----+-----+ 
 l 1 |  633| 1049| 
 ----+-----+-----+ 
                   
  accuraccy: 0.6076033371255214
  precision: 0.23029637760702526
  recall:    0.6236623067776457
  f1:        0.3363796697130031
  mcc:       0.16867953867790508

------------------------------------
TRAINING canceldown-2-1-1-ohn_d_-1 rf_10_4
------------------------------------
                  
 Confusion Matrix: 
                  
     | prediction| 
     |   0 |  1  | 
 ----+-----+-----+ 
 l 0 | 5229| 3637| 
 b --+-----+-----+ 
 l 1 |  606| 1076| 
 ----+-----+-----+ 
                   
  accuraccy: 0.5977436480849451
  precision: 0.22830468915764907
  recall:    0.6397146254458977
  f1:        0.33651290070367473
  mcc:       0.16899835363491816

------------------------------------
TRAINING canceldown-2-1-1-r_-1 rf_10_4
------------------------------------
                  
 Confusion Matrix: 
                  
     | prediction| 
     |   0 |  1  | 
 ----+-----+-----+ 
 l 0 | 5210| 3656| 
 b --+-----+-----+ 
 l 1 |  607| 1075| 
 ----+-----+-----+ 
                   
  accuraccy: 0.5958475540386803
  precision: 0.22722468822659056
  recall:    0.6391200951248514
  f1:        0.33525651021362857
  mcc:       0.16692215220863454

------------------------------------
TRAINING canceldown-2-1-1-nh_-1 rf_10_4
------------------------------------
                  
 Confusion Matrix: 
                  
     | prediction| 
     |   0 |  1  | 
 ----+-----+-----+ 
 l 0 | 5725| 3141| 
 b --+-----+-----+ 
 l 1 |  710|  972| 
 ----+-----+-----+ 
                   
  accuraccy: 0.6349070913917331
  precision: 0.2363238512035011
  recall:    0.5778834720570749
  f1:        0.3354616048317515
  mcc:       0.16784637024109988

------------------------------------
TRAINING canceldown-2-1-1-oh_-1 rf_10_4
------------------------------------
                  
 Confusion Matrix: 
                  
     | prediction| 
     |   0 |  1  | 
 ----+-----+-----+ 
 l 0 | 5757| 3109| 
 b --+-----+-----+ 
 l 1 |  761|  921| 
 ----+-----+-----+ 
                   
  accuraccy: 0.6331058020477816
  precision: 0.22853598014888338
  recall:    0.5475624256837098
  f1:        0.3224789915966387
  mcc:       0.14835636152849438

------------------------------------
TRAINING canceldown-2-1-1-nhn_-1 rf_10_4
------------------------------------
                  
 Confusion Matrix: 
                  
     | prediction| 
     |   0 |  1  | 
 ----+-----+-----+ 
 l 0 | 5363| 3503| 
 b --+-----+-----+ 
 l 1 |  630| 1052| 
 ----+-----+-----+ 
                   
  accuraccy: 0.6081721653394009
  precision: 0.2309549945115258
  recall:    0.6254458977407847
  f1:        0.33734167067500404
  mcc:       0.17024790745245777

------------------------------------
TRAINING canceldown-2-1-1-ohn_-1 rf_10_4
------------------------------------
                  
 Confusion Matrix: 
                  
     | prediction| 
     |   0 |  1  | 
 ----+-----+-----+ 
 l 0 | 5587| 3279| 
 b --+-----+-----+ 
 l 1 |  712|  970| 
 ----+-----+-----+ 
                   
  accuraccy: 0.6216344330678801
  precision: 0.22828900917863026
  recall:    0.5766944114149821
  f1:        0.327094924970494
  mcc:       0.1544055183482094

------------------------------------
TRAINING canceldown-2-1-1-d_-1 rf_10_4
------------------------------------

------------------------------------
TRAINING canceldown-2-1-1-d_-1 rf_10_4
------------------------------------

------------------------------------
TRAINING canceldown-2-1-4-nhn_ohn_-1-wc rf_10_4
------------------------------------
                  
 Confusion Matrix: 
                  
     | prediction| 
     |   0 |  1  | 
 ----+-----+-----+ 
 l 0 | 6829| 4105| 
 b --+-----+-----+ 
 l 1 |  657| 1221| 
 ----+-----+-----+ 
                   
  accuraccy: 0.6283172026225413
  precision: 0.22925272249342846
  recall:    0.6501597444089456
  f1:        0.3389783453636869
  mcc:       0.19715623848321234

------------------------------------
TRAINING canceldown-2-1-4-nhn_ohn_-1-wc rf_10_4
------------------------------------
                  
 Confusion Matrix: 
                  
     | prediction| 
     |   0 |  1  | 
 ----+-----+-----+ 
 l 0 | 6829| 4105| 
 b --+-----+-----+ 
 l 1 |  657| 1213| 
 ----+-----+-----+ 
                   
  accuraccy: 0.6280849734457982
  precision: 0.22809326814591951
  recall:    0.6486631016042781
  f1:        0.3375069560378408
  mcc:       0.19581120462429924

------------------------------------
TRAINING canceldown-2-1-4-nhn_ohn_-1-wc rf_10_4
------------------------------------
                  
 Confusion Matrix: 
                  
     | prediction| 
     |   0 |  1  | 
 ----+-----+-----+ 
 l 0 |10932|    0| 
 b --+-----+-----+ 
 l 1 | 1870|    0| 
 ----+-----+-----+ 
                   
  accuraccy: 0.8539290735822528
  precision: 0
  recall:    0.0
  f1:        0
  mcc:       -9

------------------------------------
TRAINING canceldown-2-1-4-nhn_ohn_-1-wc rf_10_4
------------------------------------
                  
 Confusion Matrix: 
                  
     | prediction| 
     |   0 |  1  | 
 ----+-----+-----+ 
 l 0 | 6754| 4196| 
 b --+-----+-----+ 
 l 1 |  642| 1228| 
 ----+-----+-----+ 
                   
  accuraccy: 0.6226209048361935
  precision: 0.22640117994100295
  recall:    0.6566844919786097
  f1:        0.33671510830819856
  mcc:       0.19539258414031893

------------------------------------
TRAINING canceldown-2-1-4-nhn_ohn_-1-wc rf_100_5
------------------------------------
                  
 Confusion Matrix: 
                  
     | prediction| 
     |   0 |  1  | 
 ----+-----+-----+ 
 l 0 | 7179| 3755| 
 b --+-----+-----+ 
 l 1 |  673| 1197| 
 ----+-----+-----+ 
                   
  accuraccy: 0.6541705716963448
  precision: 0.2417205169628433
  recall:    0.6401069518716578
  f1:        0.35092348284960423
  mcc:       0.21514051325250577
