
------------------------------------
TRAINING canceldown-2-1-4-nhn_ohn_ rf_20_5
------------------------------------
                  
 Confusion Matrix: 
                  
     | prediction| 
     |   0 |  1  | 
 ----+-----+-----+ 
 l 0 | 3450| 1906| 
 b --+-----+-----+ 
 l 1 |  415|  649| 
 ----+-----+-----+ 
                   
  accuraccy: 0.6384735202492212
  precision: 0.2540117416829746
  recall:    0.6099624060150376
  f1:        0.35866261398176297
  mcc:       0.19303019864530316

------------------------------------
TRAINING canceldown-2-1-4-nhn_ohn_ dt_5_32
------------------------------------
                  
 Confusion Matrix: 
                  
     | prediction| 
     |   0 |  1  | 
 ----+-----+-----+ 
 l 0 | 3263| 2093| 
 b --+-----+-----+ 
 l 1 |  391|  673| 
 ----+-----+-----+ 
                   
  accuraccy: 0.6130841121495327
  precision: 0.2433116413593637
  recall:    0.6325187969924813
  f1:        0.35143603133159274
  mcc:       0.18152357058638224

------------------------------------
TRAINING canceldown-2-1-4-nhn_ohn_ svm_100_0
------------------------------------
                  
 Confusion Matrix: 
                  
     | prediction| 
     |   0 |  1  | 
 ----+-----+-----+ 
 l 0 | 3377| 1979| 
 b --+-----+-----+ 
 l 1 |  389|  675| 
 ----+-----+-----+ 
                   
  accuraccy: 0.6311526479750779
  precision: 0.2543330821401658
  recall:    0.6343984962406015
  f1:        0.3630984400215169
  mcc:       0.20002893837911642

------------------------------------
TRAINING canceldown-2-1-4-nhn_ohn_ lr_100_0_0
------------------------------------
err: 16.461213930997054
                  
 Confusion Matrix: 
                  
     | prediction| 
     |   0 |  1  | 
 ----+-----+-----+ 
 l 0 | 3536| 1820| 
 b --+-----+-----+ 
 l 1 |  417|  647| 
 ----+-----+-----+ 
                   
  accuraccy: 0.6515576323987539
  precision: 0.2622618565058776
  recall:    0.6080827067669173
  f1:        0.3664684225431889
  mcc:       0.2050814435083378

------------------------------------
TRAINING canceldown-2-1-4-nhn_ohn_ rf_10_4
------------------------------------
                  
 Confusion Matrix: 
                  
     | prediction| 
     |   0 |  1  | 
 ----+-----+-----+ 
 l 0 | 3315| 2041| 
 b --+-----+-----+ 
 l 1 |  383|  681| 
 ----+-----+-----+ 
                   
  accuraccy: 0.6224299065420561
  precision: 0.25018368846436445
  recall:    0.6400375939849624
  f1:        0.35974643423137875
  mcc:       0.1948553907982333

------------------------------------
TRAINING canceldown-2-1-4-nhn_ohn_ rf_10_5
------------------------------------
                  
 Confusion Matrix: 
                  
     | prediction| 
     |   0 |  1  | 
 ----+-----+-----+ 
 l 0 | 3407| 1949| 
 b --+-----+-----+ 
 l 1 |  400|  664| 
 ----+-----+-----+ 
                   
  accuraccy: 0.6341121495327103
  precision: 0.2541140451588213
  recall:    0.6240601503759399
  f1:        0.36116399238509656
  mcc:       0.19691818066873656

------------------------------------
TRAINING canceldown-2-1-4-nhn_ohn_ rf_10_6
------------------------------------
                  
 Confusion Matrix: 
                  
     | prediction| 
     |   0 |  1  | 
 ----+-----+-----+ 
 l 0 | 3515| 1841| 
 b --+-----+-----+ 
 l 1 |  429|  635| 
 ----+-----+-----+ 
                   
  accuraccy: 0.6464174454828661
  precision: 0.25646203554119545
  recall:    0.5968045112781954
  f1:        0.3587570621468926
  mcc:       0.1933309835756371

------------------------------------
TRAINING canceldown-2-1-4-nhn_ohn_ rf_20_4
------------------------------------
                  
 Confusion Matrix: 
                  
     | prediction| 
     |   0 |  1  | 
 ----+-----+-----+ 
 l 0 | 3420| 1936| 
 b --+-----+-----+ 
 l 1 |  401|  663| 
 ----+-----+-----+ 
                   
  accuraccy: 0.6359813084112149
  precision: 0.2550981146594844
  recall:    0.6231203007518797
  f1:        0.361998361998362
  mcc:       0.19821248374962094

------------------------------------
TRAINING canceldown-2-1-4-nhn_ohn_ rf_20_5
------------------------------------
                  
 Confusion Matrix: 
                  
     | prediction| 
     |   0 |  1  | 
 ----+-----+-----+ 
 l 0 | 3450| 1906| 
 b --+-----+-----+ 
 l 1 |  415|  649| 
 ----+-----+-----+ 
                   
  accuraccy: 0.6384735202492212
  precision: 0.2540117416829746
  recall:    0.6099624060150376
  f1:        0.35866261398176297
  mcc:       0.19303019864530316

------------------------------------
TRAINING canceldown-2-1-4-nhn_ohn_ rf_20_6
------------------------------------
                  
 Confusion Matrix: 
                  
     | prediction| 
     |   0 |  1  | 
 ----+-----+-----+ 
 l 0 | 3522| 1834| 
 b --+-----+-----+ 
 l 1 |  436|  628| 
 ----+-----+-----+ 
                   
  accuraccy: 0.6464174454828661
  precision: 0.2550771730300569
  recall:    0.5902255639097744
  f1:        0.3562110039705048
  mcc:       0.18950502461708751

------------------------------------
TRAINING canceldown-2-1-4-nhn_ohn_ rf_40_4
------------------------------------
                  
 Confusion Matrix: 
                  
     | prediction| 
     |   0 |  1  | 
 ----+-----+-----+ 
 l 0 | 3471| 1885| 
 b --+-----+-----+ 
 l 1 |  421|  643| 
 ----+-----+-----+ 
                   
  accuraccy: 0.640809968847352
  precision: 0.25435126582278483
  recall:    0.6043233082706767
  f1:        0.35801781737193766
  mcc:       0.19207629467485102

------------------------------------
TRAINING canceldown-2-1-4-nhn_ohn_ rf_40_5
------------------------------------
                  
 Confusion Matrix: 
                  
     | prediction| 
     |   0 |  1  | 
 ----+-----+-----+ 
 l 0 | 3485| 1871| 
 b --+-----+-----+ 
 l 1 |  426|  638| 
 ----+-----+-----+ 
                   
  accuraccy: 0.6422118380062305
  precision: 0.25428457552809886
  recall:    0.599624060150376
  f1:        0.3571228659389868
  mcc:       0.19074410368788994

------------------------------------
TRAINING canceldown-2-1-4-nhn_ohn_ rf_40_6
------------------------------------
                  
 Confusion Matrix: 
                  
     | prediction| 
     |   0 |  1  | 
 ----+-----+-----+ 
 l 0 | 3590| 1766| 
 b --+-----+-----+ 
 l 1 |  441|  623| 
 ----+-----+-----+ 
                   
  accuraccy: 0.6562305295950156
  precision: 0.26077856843867725
  recall:    0.5855263157894737
  f1:        0.3608456414711845
  mcc:       0.19678031383414965

------------------------------------
TRAINING canceldown-2-1-4-nhn_ohn_ dt_4_16
------------------------------------
                  
 Confusion Matrix: 
                  
     | prediction| 
     |   0 |  1  | 
 ----+-----+-----+ 
 l 0 | 3154| 2202| 
 b --+-----+-----+ 
 l 1 |  348|  716| 
 ----+-----+-----+ 
                   
  accuraccy: 0.602803738317757
  precision: 0.24537354352296092
  recall:    0.6729323308270677
  f1:        0.35961828227021597
  mcc:       0.19550942372413777

------------------------------------
TRAINING canceldown-2-1-4-nhn_ohn_ dt_4_32
------------------------------------
                  
 Confusion Matrix: 
                  
     | prediction| 
     |   0 |  1  | 
 ----+-----+-----+ 
 l 0 | 3078| 2278| 
 b --+-----+-----+ 
 l 1 |  349|  715| 
 ----+-----+-----+ 
                   
  accuraccy: 0.590809968847352
  precision: 0.23889074507183428
  recall:    0.6719924812030075
  f1:        0.35247719990140497
  mcc:       0.18386792099766494

------------------------------------
TRAINING canceldown-2-1-4-nhn_ohn_ dt_4_64
------------------------------------
                  
 Confusion Matrix: 
                  
     | prediction| 
     |   0 |  1  | 
 ----+-----+-----+ 
 l 0 | 3103| 2253| 
 b --+-----+-----+ 
 l 1 |  357|  707| 
 ----+-----+-----+ 
                   
  accuraccy: 0.5934579439252337
  precision: 0.23885135135135135
  recall:    0.6644736842105263
  f1:        0.35139165009940354
  mcc:       0.1818794147381578

------------------------------------
TRAINING canceldown-2-1-4-nhn_ohn_ dt_5_16
------------------------------------
                  
 Confusion Matrix: 
                  
     | prediction| 
     |   0 |  1  | 
 ----+-----+-----+ 
 l 0 | 3011| 2345| 
 b --+-----+-----+ 
 l 1 |  342|  722| 
 ----+-----+-----+ 
                   
  accuraccy: 0.5814641744548287
  precision: 0.23540919465275514
  recall:    0.6785714285714286
  f1:        0.3495521665456306
  mcc:       0.17921491651699825

------------------------------------
TRAINING canceldown-2-1-4-nhn_ohn_ dt_5_32
------------------------------------
                  
 Confusion Matrix: 
                  
     | prediction| 
     |   0 |  1  | 
 ----+-----+-----+ 
 l 0 | 3263| 2093| 
 b --+-----+-----+ 
 l 1 |  391|  673| 
 ----+-----+-----+ 
                   
  accuraccy: 0.6130841121495327
  precision: 0.2433116413593637
  recall:    0.6325187969924813
  f1:        0.35143603133159274
  mcc:       0.18152357058638224

------------------------------------
TRAINING canceldown-2-1-4-nhn_ohn_ dt_5_64
------------------------------------
                  
 Confusion Matrix: 
                  
     | prediction| 
     |   0 |  1  | 
 ----+-----+-----+ 
 l 0 | 3265| 2091| 
 b --+-----+-----+ 
 l 1 |  388|  676| 
 ----+-----+-----+ 
                   
  accuraccy: 0.6138629283489097
  precision: 0.2443079147090712
  recall:    0.6353383458646616
  f1:        0.3529104672409293
  mcc:       0.1839130880673482

------------------------------------
TRAINING canceldown-2-1-4-nhn_ohn_ dt_6_16
------------------------------------
                  
 Confusion Matrix: 
                  
     | prediction| 
     |   0 |  1  | 
 ----+-----+-----+ 
 l 0 | 3745| 1611| 
 b --+-----+-----+ 
 l 1 |  510|  554| 
 ----+-----+-----+ 
                   
  accuraccy: 0.6696261682242991
  precision: 0.2558891454965358
  recall:    0.5206766917293233
  f1:        0.34314029111179933
  mcc:       0.17295090175755848

------------------------------------
TRAINING canceldown-2-1-4-nhn_ohn_ dt_6_32
------------------------------------
                  
 Confusion Matrix: 
                  
     | prediction| 
     |   0 |  1  | 
 ----+-----+-----+ 
 l 0 | 3303| 2053| 
 b --+-----+-----+ 
 l 1 |  419|  645| 
 ----+-----+-----+ 
                   
  accuraccy: 0.6149532710280374
  precision: 0.2390659747961453
  recall:    0.606203007518797
  f1:        0.34290271132376393
  mcc:       0.167911880929988

------------------------------------
TRAINING canceldown-2-1-4-nhn_ohn_ dt_6_64
------------------------------------
                  
 Confusion Matrix: 
                  
     | prediction| 
     |   0 |  1  | 
 ----+-----+-----+ 
 l 0 | 3304| 2052| 
 b --+-----+-----+ 
 l 1 |  428|  636| 
 ----+-----+-----+ 
                   
  accuraccy: 0.6137071651090342
  precision: 0.23660714285714285
  recall:    0.5977443609022557
  f1:        0.3390191897654584
  mcc:       0.16176373182039652

------------------------------------
TRAINING canceldown-2-1-4-nhn_ohn_ svm_50_0
------------------------------------
                  
 Confusion Matrix: 
                  
     | prediction| 
     |   0 |  1  | 
 ----+-----+-----+ 
 l 0 | 3374| 1982| 
 b --+-----+-----+ 
 l 1 |  391|  673| 
 ----+-----+-----+ 
                   
  accuraccy: 0.6303738317757009
  precision: 0.25348399246704334
  recall:    0.6325187969924813
  f1:        0.361925248722775
  mcc:       0.19817563427363347

------------------------------------
TRAINING canceldown-2-1-4-nhn_ohn_ svm_50_0.01
------------------------------------
                  
 Confusion Matrix: 
                  
     | prediction| 
     |   0 |  1  | 
 ----+-----+-----+ 
 l 0 | 3343| 2013| 
 b --+-----+-----+ 
 l 1 |  385|  679| 
 ----+-----+-----+ 
                   
  accuraccy: 0.6264797507788162
  precision: 0.25222882615156017
  recall:    0.6381578947368421
  f1:        0.3615548455804047
  mcc:       0.19767112773857246

------------------------------------
TRAINING canceldown-2-1-4-nhn_ohn_ svm_50_0.1
------------------------------------
                  
 Confusion Matrix: 
                  
     | prediction| 
     |   0 |  1  | 
 ----+-----+-----+ 
 l 0 | 3631| 1725| 
 b --+-----+-----+ 
 l 1 |  447|  617| 
 ----+-----+-----+ 
                   
  accuraccy: 0.6616822429906543
  precision: 0.26345004269854827
  recall:    0.5798872180451128
  f1:        0.3623018203170875
  mcc:       0.19915358852909046

------------------------------------
TRAINING canceldown-2-1-4-nhn_ohn_ svm_100_0
------------------------------------
                  
 Confusion Matrix: 
                  
     | prediction| 
     |   0 |  1  | 
 ----+-----+-----+ 
 l 0 | 3377| 1979| 
 b --+-----+-----+ 
 l 1 |  389|  675| 
 ----+-----+-----+ 
                   
  accuraccy: 0.6311526479750779
  precision: 0.2543330821401658
  recall:    0.6343984962406015
  f1:        0.3630984400215169
  mcc:       0.20002893837911642

------------------------------------
TRAINING canceldown-2-1-4-nhn_ohn_ svm_100_0.01
------------------------------------
                  
 Confusion Matrix: 
                  
     | prediction| 
     |   0 |  1  | 
 ----+-----+-----+ 
 l 0 | 3357| 1999| 
 b --+-----+-----+ 
 l 1 |  385|  679| 
 ----+-----+-----+ 
                   
  accuraccy: 0.6286604361370717
  precision: 0.2535474234503361
  recall:    0.6381578947368421
  f1:        0.3629075360769642
  mcc:       0.19978721509762318

------------------------------------
TRAINING canceldown-2-1-4-nhn_ohn_ svm_100_0.1
------------------------------------
                  
 Confusion Matrix: 
                  
     | prediction| 
     |   0 |  1  | 
 ----+-----+-----+ 
 l 0 | 3620| 1736| 
 b --+-----+-----+ 
 l 1 |  442|  622| 
 ----+-----+-----+ 
                   
  accuraccy: 0.6607476635514019
  precision: 0.263782866836302
  recall:    0.5845864661654135
  f1:        0.3635300993571011
  mcc:       0.20090785729881802

------------------------------------
TRAINING canceldown-2-1-4-nhn_ohn_ svm_200_0
------------------------------------
                  
 Confusion Matrix: 
                  
     | prediction| 
     |   0 |  1  | 
 ----+-----+-----+ 
 l 0 | 3385| 1971| 
 b --+-----+-----+ 
 l 1 |  394|  670| 
 ----+-----+-----+ 
                   
  accuraccy: 0.631619937694704
  precision: 0.25369178341537296
  recall:    0.6296992481203008
  f1:        0.3616734143049933
  mcc:       0.19775314778083616

------------------------------------
TRAINING canceldown-2-1-4-nhn_ohn_ svm_200_0.01
------------------------------------
                  
 Confusion Matrix: 
                  
     | prediction| 
     |   0 |  1  | 
 ----+-----+-----+ 
 l 0 | 3357| 1999| 
 b --+-----+-----+ 
 l 1 |  385|  679| 
 ----+-----+-----+ 
                   
  accuraccy: 0.6286604361370717
  precision: 0.2535474234503361
  recall:    0.6381578947368421
  f1:        0.3629075360769642
  mcc:       0.19978721509762318

------------------------------------
TRAINING canceldown-2-1-4-nhn_ohn_ svm_200_0.1
------------------------------------
                  
 Confusion Matrix: 
                  
     | prediction| 
     |   0 |  1  | 
 ----+-----+-----+ 
 l 0 | 3620| 1736| 
 b --+-----+-----+ 
 l 1 |  442|  622| 
 ----+-----+-----+ 
                   
  accuraccy: 0.6607476635514019
  precision: 0.263782866836302
  recall:    0.5845864661654135
  f1:        0.3635300993571011
  mcc:       0.20090785729881802

------------------------------------
TRAINING canceldown-2-1-4-nhn_ohn_ lr_50_0_0
------------------------------------
err: 16.461213930997125
                  
 Confusion Matrix: 
                  
     | prediction| 
     |   0 |  1  | 
 ----+-----+-----+ 
 l 0 | 3536| 1820| 
 b --+-----+-----+ 
 l 1 |  417|  647| 
 ----+-----+-----+ 
                   
  accuraccy: 0.6515576323987539
  precision: 0.2622618565058776
  recall:    0.6080827067669173
  f1:        0.3664684225431889
  mcc:       0.2050814435083378

------------------------------------
TRAINING canceldown-2-1-4-nhn_ohn_ lr_50_0_1
------------------------------------
err: 16.461213930997054
                  
 Confusion Matrix: 
                  
     | prediction| 
     |   0 |  1  | 
 ----+-----+-----+ 
 l 0 | 3536| 1820| 
 b --+-----+-----+ 
 l 1 |  417|  647| 
 ----+-----+-----+ 
                   
  accuraccy: 0.6515576323987539
  precision: 0.2622618565058776
  recall:    0.6080827067669173
  f1:        0.3664684225431889
  mcc:       0.2050814435083378

------------------------------------
TRAINING canceldown-2-1-4-nhn_ohn_ lr_50_1_0
------------------------------------
err: 9.696557128987825
                  
 Confusion Matrix: 
                  
     | prediction| 
     |   0 |  1  | 
 ----+-----+-----+ 
 l 0 | 3690| 1666| 
 b --+-----+-----+ 
 l 1 |  475|  589| 
 ----+-----+-----+ 
                   
  accuraccy: 0.6665109034267913
  precision: 0.2611973392461197
  recall:    0.5535714285714286
  f1:        0.35492618258511593
  mcc:       0.18891003285062238

------------------------------------
TRAINING canceldown-2-1-4-nhn_ohn_ lr_50_1_1
------------------------------------
err: 0.5000000000000068
                  
 Confusion Matrix: 
                  
     | prediction| 
     |   0 |  1  | 
 ----+-----+-----+ 
 l 0 |    0| 5356| 
 b --+-----+-----+ 
 l 1 |    0| 1064| 
 ----+-----+-----+ 
                   
  accuraccy: 0.16573208722741434
  precision: 0.16573208722741434
  recall:    1.0
  f1:        0.2843399251737039
  mcc:       -9

------------------------------------
TRAINING canceldown-2-1-4-nhn_ohn_ lr_100_0_0
------------------------------------
err: 16.461213930997108
                  
 Confusion Matrix: 
                  
     | prediction| 
     |   0 |  1  | 
 ----+-----+-----+ 
 l 0 | 3536| 1820| 
 b --+-----+-----+ 
 l 1 |  417|  647| 
 ----+-----+-----+ 
                   
  accuraccy: 0.6515576323987539
  precision: 0.2622618565058776
  recall:    0.6080827067669173
  f1:        0.3664684225431889
  mcc:       0.2050814435083378

------------------------------------
TRAINING canceldown-2-1-4-nhn_ohn_ lr_100_0_1
------------------------------------
err: 16.461213930997125
                  
 Confusion Matrix: 
                  
     | prediction| 
     |   0 |  1  | 
 ----+-----+-----+ 
 l 0 | 3536| 1820| 
 b --+-----+-----+ 
 l 1 |  417|  647| 
 ----+-----+-----+ 
                   
  accuraccy: 0.6515576323987539
  precision: 0.2622618565058776
  recall:    0.6080827067669173
  f1:        0.3664684225431889
  mcc:       0.2050814435083378

------------------------------------
TRAINING canceldown-2-1-4-nhn_ohn_ lr_100_1_0
------------------------------------
err: 9.696557128987818
                  
 Confusion Matrix: 
                  
     | prediction| 
     |   0 |  1  | 
 ----+-----+-----+ 
 l 0 | 3690| 1666| 
 b --+-----+-----+ 
 l 1 |  475|  589| 
 ----+-----+-----+ 
                   
  accuraccy: 0.6665109034267913
  precision: 0.2611973392461197
  recall:    0.5535714285714286
  f1:        0.35492618258511593
  mcc:       0.18891003285062238

------------------------------------
TRAINING canceldown-2-1-4-nhn_ohn_ lr_100_1_1
------------------------------------
err: 0.5000000000000068
                  
 Confusion Matrix: 
                  
     | prediction| 
     |   0 |  1  | 
 ----+-----+-----+ 
 l 0 |    0| 5356| 
 b --+-----+-----+ 
 l 1 |    0| 1064| 
 ----+-----+-----+ 
                   
  accuraccy: 0.16573208722741434
  precision: 0.16573208722741434
  recall:    1.0
  f1:        0.2843399251737039
  mcc:       -9

------------------------------------
TRAINING canceldown-2-1-4-nhn_ohn_ lr_200_0_0
------------------------------------
err: 16.461213930997054
                  
 Confusion Matrix: 
                  
     | prediction| 
     |   0 |  1  | 
 ----+-----+-----+ 
 l 0 | 3536| 1820| 
 b --+-----+-----+ 
 l 1 |  417|  647| 
 ----+-----+-----+ 
                   
  accuraccy: 0.6515576323987539
  precision: 0.2622618565058776
  recall:    0.6080827067669173
  f1:        0.3664684225431889
  mcc:       0.2050814435083378

------------------------------------
TRAINING canceldown-2-1-4-nhn_ohn_ lr_200_0_1
------------------------------------
err: 16.461213930997058
                  
 Confusion Matrix: 
                  
     | prediction| 
     |   0 |  1  | 
 ----+-----+-----+ 
 l 0 | 3536| 1820| 
 b --+-----+-----+ 
 l 1 |  417|  647| 
 ----+-----+-----+ 
                   
  accuraccy: 0.6515576323987539
  precision: 0.2622618565058776
  recall:    0.6080827067669173
  f1:        0.3664684225431889
  mcc:       0.2050814435083378

------------------------------------
TRAINING canceldown-2-1-4-nhn_ohn_ lr_200_1_0
------------------------------------
err: 9.696557128987816
                  
 Confusion Matrix: 
                  
     | prediction| 
     |   0 |  1  | 
 ----+-----+-----+ 
 l 0 | 3690| 1666| 
 b --+-----+-----+ 
 l 1 |  475|  589| 
 ----+-----+-----+ 
                   
  accuraccy: 0.6665109034267913
  precision: 0.2611973392461197
  recall:    0.5535714285714286
  f1:        0.35492618258511593
  mcc:       0.18891003285062238

------------------------------------
TRAINING canceldown-2-1-4-nhn_ohn_ lr_200_1_1
------------------------------------
err: 0.5000000000000068
                  
 Confusion Matrix: 
                  
     | prediction| 
     |   0 |  1  | 
 ----+-----+-----+ 
 l 0 |    0| 5356| 
 b --+-----+-----+ 
 l 1 |    0| 1064| 
 ----+-----+-----+ 
                   
  accuraccy: 0.16573208722741434
  precision: 0.16573208722741434
  recall:    1.0
  f1:        0.2843399251737039
  mcc:       -9
