
------------------------------------
TRAINING canceldown-2-1-4-nhn_ohn_ lr_100_0_0
------------------------------------
err: 15.924529361789155
                  
 Confusion Matrix: 
                  
     | prediction| 
     |   0 |  1  | 
 ----+-----+-----+ 
 l 0 | 3486| 1870| 
 b --+-----+-----+ 
 l 1 |  430|  634| 
 ----+-----+-----+ 
                   
  accuraccy: 0.6417445482866043
  precision: 0.2531948881789137
  recall:    0.5958646616541353
  f1:        0.3553811659192824
  mcc:       0.18808888499003132

------------------------------------
TRAINING canceldown-2-1-4-nhn_ohn_ lr_50_0_0
------------------------------------
err: 15.924529361789174
                  
 Confusion Matrix: 
                  
     | prediction| 
     |   0 |  1  | 
 ----+-----+-----+ 
 l 0 | 3486| 1870| 
 b --+-----+-----+ 
 l 1 |  430|  634| 
 ----+-----+-----+ 
                   
  accuraccy: 0.6417445482866043
  precision: 0.2531948881789137
  recall:    0.5958646616541353
  f1:        0.3553811659192824
  mcc:       0.18808888499003132

------------------------------------
TRAINING canceldown-2-1-4-nhn_ohn_ lr_150_0_0
------------------------------------
err: 15.924529362045762
                  
 Confusion Matrix: 
                  
     | prediction| 
     |   0 |  1  | 
 ----+-----+-----+ 
 l 0 | 3486| 1870| 
 b --+-----+-----+ 
 l 1 |  430|  634| 
 ----+-----+-----+ 
                   
  accuraccy: 0.6417445482866043
  precision: 0.2531948881789137
  recall:    0.5958646616541353
  f1:        0.3553811659192824
  mcc:       0.18808888499003132

------------------------------------
TRAINING canceldown-2-1-4-nhn_ohn_ lr_10_0_0
------------------------------------
err: 15.927777691595157
                  
 Confusion Matrix: 
                  
     | prediction| 
     |   0 |  1  | 
 ----+-----+-----+ 
 l 0 | 3489| 1867| 
 b --+-----+-----+ 
 l 1 |  429|  635| 
 ----+-----+-----+ 
                   
  accuraccy: 0.6423676012461059
  precision: 0.25379696243005595
  recall:    0.5968045112781954
  f1:        0.35614133482893995
  mcc:       0.1892596753412064

------------------------------------
TRAINING canceldown-2-1-4-nhn_ohn_ lr_25_0_0
------------------------------------
err: 15.924542450237867
                  
 Confusion Matrix: 
                  
     | prediction| 
     |   0 |  1  | 
 ----+-----+-----+ 
 l 0 | 3486| 1870| 
 b --+-----+-----+ 
 l 1 |  430|  634| 
 ----+-----+-----+ 
                   
  accuraccy: 0.6417445482866043
  precision: 0.2531948881789137
  recall:    0.5958646616541353
  f1:        0.3553811659192824
  mcc:       0.18808888499003132

------------------------------------
TRAINING canceldown-2-1-4-nhn_ohn_ lr_1_0_0
------------------------------------
err: 15.285899136511981
                  
 Confusion Matrix: 
                  
     | prediction| 
     |   0 |  1  | 
 ----+-----+-----+ 
 l 0 | 3754| 1602| 
 b --+-----+-----+ 
 l 1 |  492|  572| 
 ----+-----+-----+ 
                   
  accuraccy: 0.6738317757009346
  precision: 0.26310947562097514
  recall:    0.5375939849624061
  f1:        0.3533045089561458
  mcc:       0.18738802232060414

------------------------------------
TRAINING canceldown-2-1-4-nhn_ohn_ lr_1000_0_0
------------------------------------
err: 15.924529361789174
                  
 Confusion Matrix: 
                  
     | prediction| 
     |   0 |  1  | 
 ----+-----+-----+ 
 l 0 | 3486| 1870| 
 b --+-----+-----+ 
 l 1 |  430|  634| 
 ----+-----+-----+ 
                   
  accuraccy: 0.6417445482866043
  precision: 0.2531948881789137
  recall:    0.5958646616541353
  f1:        0.3553811659192824
  mcc:       0.18808888499003132

------------------------------------
TRAINING canceldown-2-1-4-nhn_ohn_ lr_20_0_0
------------------------------------
err: 15.924452794904711
                  
 Confusion Matrix: 
                  
     | prediction| 
     |   0 |  1  | 
 ----+-----+-----+ 
 l 0 | 3486| 1870| 
 b --+-----+-----+ 
 l 1 |  429|  635| 
 ----+-----+-----+ 
                   
  accuraccy: 0.6419003115264797
  precision: 0.25349301397205587
  recall:    0.5968045112781954
  f1:        0.35584197254132804
  mcc:       0.18879179362076362

------------------------------------
TRAINING canceldown-2-1-4-nhn_ohn_ lr_20_0.2_0
------------------------------------
err: 14.082095998694076
                  
 Confusion Matrix: 
                  
     | prediction| 
     |   0 |  1  | 
 ----+-----+-----+ 
 l 0 | 3608| 1748| 
 b --+-----+-----+ 
 l 1 |  456|  608| 
 ----+-----+-----+ 
                   
  accuraccy: 0.6566978193146418
  precision: 0.25806451612903225
  recall:    0.5714285714285714
  f1:        0.35555555555555557
  mcc:       0.18906406167045461

------------------------------------
TRAINING canceldown-2-1-4-nhn_ohn_ lr_20_0.4_0
------------------------------------
err: 12.552337611140771
                  
 Confusion Matrix: 
                  
     | prediction| 
     |   0 |  1  | 
 ----+-----+-----+ 
 l 0 | 3684| 1672| 
 b --+-----+-----+ 
 l 1 |  473|  591| 
 ----+-----+-----+ 
                   
  accuraccy: 0.6658878504672897
  precision: 0.26115775519222273
  recall:    0.5554511278195489
  f1:        0.3552750225428314
  mcc:       0.18934829693133381

------------------------------------
TRAINING canceldown-2-1-4-nhn_ohn_ lr_20_0.6_0
------------------------------------
err: 11.355428628397446
                  
 Confusion Matrix: 
                  
     | prediction| 
     |   0 |  1  | 
 ----+-----+-----+ 
 l 0 | 3712| 1644| 
 b --+-----+-----+ 
 l 1 |  481|  583| 
 ----+-----+-----+ 
                   
  accuraccy: 0.6690031152647975
  precision: 0.2617871576111361
  recall:    0.5479323308270677
  f1:        0.3542996049832878
  mcc:       0.18826166781703785

------------------------------------
TRAINING canceldown-2-1-4-nhn_ohn_ lr_20_0.8_0
------------------------------------
err: 10.382289702115392
                  
 Confusion Matrix: 
                  
     | prediction| 
     |   0 |  1  | 
 ----+-----+-----+ 
 l 0 | 3744| 1612| 
 b --+-----+-----+ 
 l 1 |  488|  576| 
 ----+-----+-----+ 
                   
  accuraccy: 0.6728971962616822
  precision: 0.263254113345521
  recall:    0.5413533834586466
  f1:        0.3542435424354243
  mcc:       0.18858080046456652

------------------------------------
TRAINING canceldown-2-1-4-nhn_ohn_ lr_20_1_0
------------------------------------
err: 9.570643284997223
                  
 Confusion Matrix: 
                  
     | prediction| 
     |   0 |  1  | 
 ----+-----+-----+ 
 l 0 | 3759| 1597| 
 b --+-----+-----+ 
 l 1 |  493|  571| 
 ----+-----+-----+ 
                   
  accuraccy: 0.6744548286604362
  precision: 0.26337638376383765
  recall:    0.5366541353383458
  f1:        0.3533415841584158
  mcc:       0.18750973579235894

------------------------------------
TRAINING canceldown-2-1-4-nhn_ohn_ lr_1000_0_0
------------------------------------
err: 15.924529362045813
                  
 Confusion Matrix: 
                  
     | prediction| 
     |   0 |  1  | 
 ----+-----+-----+ 
 l 0 | 3486| 1870| 
 b --+-----+-----+ 
 l 1 |  430|  634| 
 ----+-----+-----+ 
                   
  accuraccy: 0.6417445482866043
  precision: 0.2531948881789137
  recall:    0.5958646616541353
  f1:        0.3553811659192824
  mcc:       0.18808888499003132

------------------------------------
TRAINING canceldown-2-1-4-nhn_ohn_ lr_1000_0.5_0
------------------------------------
err: 11.920617272827906
                  
 Confusion Matrix: 
                  
     | prediction| 
     |   0 |  1  | 
 ----+-----+-----+ 
 l 0 | 3695| 1661| 
 b --+-----+-----+ 
 l 1 |  476|  588| 
 ----+-----+-----+ 
                   
  accuraccy: 0.6671339563862928
  precision: 0.2614495331258337
  recall:    0.5526315789473685
  f1:        0.3549652882583761
  mcc:       0.18902082928468472

------------------------------------
TRAINING canceldown-2-1-4-nhn_ohn_ lr_1000_1_0
------------------------------------
err: 9.570643284997223
                  
 Confusion Matrix: 
                  
     | prediction| 
     |   0 |  1  | 
 ----+-----+-----+ 
 l 0 | 3759| 1597| 
 b --+-----+-----+ 
 l 1 |  493|  571| 
 ----+-----+-----+ 
                   
  accuraccy: 0.6744548286604362
  precision: 0.26337638376383765
  recall:    0.5366541353383458
  f1:        0.3533415841584158
  mcc:       0.18750973579235894

------------------------------------
TRAINING canceldown-2-1-4-nhn_ohn_ lr_1000_0_0
------------------------------------
err: 15.924529361788998
                  
 Confusion Matrix: 
                  
     | prediction| 
     |   0 |  1  | 
 ----+-----+-----+ 
 l 0 | 3486| 1870| 
 b --+-----+-----+ 
 l 1 |  430|  634| 
 ----+-----+-----+ 
                   
  accuraccy: 0.6417445482866043
  precision: 0.2531948881789137
  recall:    0.5958646616541353
  f1:        0.3553811659192824
  mcc:       0.18808888499003132

------------------------------------
TRAINING canceldown-2-1-4-nhn_ohn_ lr_1000_0_0.5
------------------------------------
err: 15.924529362045762
                  
 Confusion Matrix: 
                  
     | prediction| 
     |   0 |  1  | 
 ----+-----+-----+ 
 l 0 | 3486| 1870| 
 b --+-----+-----+ 
 l 1 |  430|  634| 
 ----+-----+-----+ 
                   
  accuraccy: 0.6417445482866043
  precision: 0.2531948881789137
  recall:    0.5958646616541353
  f1:        0.3553811659192824
  mcc:       0.18808888499003132

------------------------------------
TRAINING canceldown-2-1-4-nhn_ohn_ lr_1000_0_1
------------------------------------
err: 15.92452936230227
                  
 Confusion Matrix: 
                  
     | prediction| 
     |   0 |  1  | 
 ----+-----+-----+ 
 l 0 | 3486| 1870| 
 b --+-----+-----+ 
 l 1 |  430|  634| 
 ----+-----+-----+ 
                   
  accuraccy: 0.6417445482866043
  precision: 0.2531948881789137
  recall:    0.5958646616541353
  f1:        0.3553811659192824
  mcc:       0.18808888499003132

------------------------------------
TRAINING canceldown-2-1-4-nhn_ohn_ lr_1000_10_0
------------------------------------
err: 2.203728557566201
                  
 Confusion Matrix: 
                  
     | prediction| 
     |   0 |  1  | 
 ----+-----+-----+ 
 l 0 | 4020| 1336| 
 b --+-----+-----+ 
 l 1 |  553|  511| 
 ----+-----+-----+ 
                   
  accuraccy: 0.7057632398753894
  precision: 0.2766648619382783
  recall:    0.48026315789473684
  f1:        0.3510821023703195
  mcc:       0.1895992665118891

------------------------------------
TRAINING canceldown-2-1-4-nhn_ohn_ lr_1000_100_0
------------------------------------
err: 0.551059342032492
                  
 Confusion Matrix: 
                  
     | prediction| 
     |   0 |  1  | 
 ----+-----+-----+ 
 l 0 | 5156|  200| 
 b --+-----+-----+ 
 l 1 |  940|  124| 
 ----+-----+-----+ 
                   
  accuraccy: 0.822429906542056
  precision: 0.38271604938271603
  recall:    0.11654135338345864
  f1:        0.1786743515850144
  mcc:       0.13453075858101313

------------------------------------
TRAINING canceldown-2-1-4-nhn_ohn_ lr_1000_0_0
------------------------------------
err: 15.92452936230241
                  
 Confusion Matrix: 
                  
     | prediction| 
     |   0 |  1  | 
 ----+-----+-----+ 
 l 0 | 3486| 1870| 
 b --+-----+-----+ 
 l 1 |  430|  634| 
 ----+-----+-----+ 
                   
  accuraccy: 0.6417445482866043
  precision: 0.2531948881789137
  recall:    0.5958646616541353
  f1:        0.3553811659192824
  mcc:       0.18808888499003132

------------------------------------
TRAINING canceldown-2-1-4-nhn_ohn_ lr_1000_1_0
------------------------------------
err: 9.570643284997223
                  
 Confusion Matrix: 
                  
     | prediction| 
     |   0 |  1  | 
 ----+-----+-----+ 
 l 0 | 3759| 1597| 
 b --+-----+-----+ 
 l 1 |  493|  571| 
 ----+-----+-----+ 
                   
  accuraccy: 0.6744548286604362
  precision: 0.26337638376383765
  recall:    0.5366541353383458
  f1:        0.3533415841584158
  mcc:       0.18750973579235894

------------------------------------
TRAINING canceldown-2-1-4-nhn_ohn_ lr_1000_10_0
------------------------------------
err: 2.203728557566202
                  
 Confusion Matrix: 
                  
     | prediction| 
     |   0 |  1  | 
 ----+-----+-----+ 
 l 0 | 4020| 1336| 
 b --+-----+-----+ 
 l 1 |  553|  511| 
 ----+-----+-----+ 
                   
  accuraccy: 0.7057632398753894
  precision: 0.2766648619382783
  recall:    0.48026315789473684
  f1:        0.3510821023703195
  mcc:       0.1895992665118891

------------------------------------
TRAINING canceldown-2-1-4-nhn_ohn_ svm_100_0
------------------------------------
                  
 Confusion Matrix: 
                  
     | prediction| 
     |   0 |  1  | 
 ----+-----+-----+ 
 l 0 | 3359| 1997| 
 b --+-----+-----+ 
 l 1 |  418|  646| 
 ----+-----+-----+ 
                   
  accuraccy: 0.6238317757009346
  precision: 0.2444192205826712
  recall:    0.6071428571428571
  f1:        0.3485298084704613
  mcc:       0.17702016569474419

------------------------------------
TRAINING canceldown-2-1-4-nhn_ohn_ lr_1000_0_0
------------------------------------

------------------------------------
TRAINING canceldown-2-1-4-nhn_ohn_ lr_1000_0_0
------------------------------------
err: 16.461213930997125
                  
 Confusion Matrix: 
                  
     | prediction| 
     |   0 |  1  | 
 ----+-----+-----+ 
 l 0 | 3536| 1820| 
 b --+-----+-----+ 
 l 1 |  417|  647| 
 ----+-----+-----+ 
                   
  accuraccy: 0.6515576323987539
  precision: 0.2622618565058776
  recall:    0.6080827067669173
  f1:        0.3664684225431889
  mcc:       0.2050814435083378

------------------------------------
TRAINING canceldown-2-1-4-nhn_ohn_ lr_1000_1_0
------------------------------------
err: 9.696557128987825
                  
 Confusion Matrix: 
                  
     | prediction| 
     |   0 |  1  | 
 ----+-----+-----+ 
 l 0 | 3690| 1666| 
 b --+-----+-----+ 
 l 1 |  475|  589| 
 ----+-----+-----+ 
                   
  accuraccy: 0.6665109034267913
  precision: 0.2611973392461197
  recall:    0.5535714285714286
  f1:        0.35492618258511593
  mcc:       0.18891003285062238

------------------------------------
TRAINING canceldown-2-1-4-nhn_ohn_ lr_1000_10_0
------------------------------------
err: 2.225558584638345
                  
 Confusion Matrix: 
                  
     | prediction| 
     |   0 |  1  | 
 ----+-----+-----+ 
 l 0 | 3697| 1659| 
 b --+-----+-----+ 
 l 1 |  482|  582| 
 ----+-----+-----+ 
                   
  accuraccy: 0.6665109034267913
  precision: 0.2597054886211513
  recall:    0.5469924812030075
  f1:        0.3521936459909229
  mcc:       0.18506897479763273

------------------------------------
TRAINING canceldown-2-1-4-nhn_ohn_ svm_100_0
------------------------------------
                  
 Confusion Matrix: 
                  
     | prediction| 
     |   0 |  1  | 
 ----+-----+-----+ 
 l 0 | 3377| 1979| 
 b --+-----+-----+ 
 l 1 |  389|  675| 
 ----+-----+-----+ 
                   
  accuraccy: 0.6311526479750779
  precision: 0.2543330821401658
  recall:    0.6343984962406015
  f1:        0.3630984400215169
  mcc:       0.20002893837911642

------------------------------------
TRAINING canceldown-2-1-4-nhn_ohn_ svm_50_0
------------------------------------
                  
 Confusion Matrix: 
                  
     | prediction| 
     |   0 |  1  | 
 ----+-----+-----+ 
 l 0 | 3374| 1982| 
 b --+-----+-----+ 
 l 1 |  391|  673| 
 ----+-----+-----+ 
                   
  accuraccy: 0.6303738317757009
  precision: 0.25348399246704334
  recall:    0.6325187969924813
  f1:        0.361925248722775
  mcc:       0.19817563427363347

------------------------------------
TRAINING canceldown-2-1-4-nhn_ohn_ svm_50_0.01
------------------------------------
                  
 Confusion Matrix: 
                  
     | prediction| 
     |   0 |  1  | 
 ----+-----+-----+ 
 l 0 | 3343| 2013| 
 b --+-----+-----+ 
 l 1 |  385|  679| 
 ----+-----+-----+ 
                   
  accuraccy: 0.6264797507788162
  precision: 0.25222882615156017
  recall:    0.6381578947368421
  f1:        0.3615548455804047
  mcc:       0.19767112773857246

------------------------------------
TRAINING canceldown-2-1-4-nhn_ohn_ svm_50_0.1
------------------------------------
                  
 Confusion Matrix: 
                  
     | prediction| 
     |   0 |  1  | 
 ----+-----+-----+ 
 l 0 | 3631| 1725| 
 b --+-----+-----+ 
 l 1 |  447|  617| 
 ----+-----+-----+ 
                   
  accuraccy: 0.6616822429906543
  precision: 0.26345004269854827
  recall:    0.5798872180451128
  f1:        0.3623018203170875
  mcc:       0.19915358852909046

------------------------------------
TRAINING canceldown-2-1-4-nhn_ohn_ svm_100_0
------------------------------------
                  
 Confusion Matrix: 
                  
     | prediction| 
     |   0 |  1  | 
 ----+-----+-----+ 
 l 0 | 3377| 1979| 
 b --+-----+-----+ 
 l 1 |  389|  675| 
 ----+-----+-----+ 
                   
  accuraccy: 0.6311526479750779
  precision: 0.2543330821401658
  recall:    0.6343984962406015
  f1:        0.3630984400215169
  mcc:       0.20002893837911642

------------------------------------
TRAINING canceldown-2-1-4-nhn_ohn_ svm_100_0.01
------------------------------------
                  
 Confusion Matrix: 
                  
     | prediction| 
     |   0 |  1  | 
 ----+-----+-----+ 
 l 0 | 3357| 1999| 
 b --+-----+-----+ 
 l 1 |  385|  679| 
 ----+-----+-----+ 
                   
  accuraccy: 0.6286604361370717
  precision: 0.2535474234503361
  recall:    0.6381578947368421
  f1:        0.3629075360769642
  mcc:       0.19978721509762318

------------------------------------
TRAINING canceldown-2-1-4-nhn_ohn_ svm_100_0.1
------------------------------------
                  
 Confusion Matrix: 
                  
     | prediction| 
     |   0 |  1  | 
 ----+-----+-----+ 
 l 0 | 3620| 1736| 
 b --+-----+-----+ 
 l 1 |  442|  622| 
 ----+-----+-----+ 
                   
  accuraccy: 0.6607476635514019
  precision: 0.263782866836302
  recall:    0.5845864661654135
  f1:        0.3635300993571011
  mcc:       0.20090785729881802
