
------------------------------------
TRAINING canceldown-2-1-4-nhn_ohn_ lr_100_0_0
------------------------------------
err: 16.461213930997125
                  
 Confusion Matrix: 
                  
     | prediction| 
     |   0 |  1  | 
 ----+-----+-----+ 
 l 0 | 3536| 1820| 
 b --+-----+-----+ 
 l 1 |  417|  647| 
 ----+-----+-----+ 
                   
  accuraccy: 0.6515576323987539
  precision: 0.2622618565058776
  recall:    0.6080827067669173
  f1:        0.3664684225431889
  mcc:       0.2050814435083378

------------------------------------
TRAINING canceldown-2-1-4-nhn_ohn_ lr_100_0_0
------------------------------------
err: 16.461213930997054
                  
 Confusion Matrix: 
                  
     | prediction| 
     |   0 |  1  | 
 ----+-----+-----+ 
 l 0 | 3536| 1820| 
 b --+-----+-----+ 
 l 1 |  417|  647| 
 ----+-----+-----+ 
                   
  accuraccy: 0.6515576323987539
  precision: 0.2622618565058776
  recall:    0.6080827067669173
  f1:        0.3664684225431889
  mcc:       0.2050814435083378

------------------------------------
TRAINING canceldown-2-1-4-nhn_ohn_ lr_200_0_0
------------------------------------
err: 16.461213930997157
                  
 Confusion Matrix: 
                  
     | prediction| 
     |   0 |  1  | 
 ----+-----+-----+ 
 l 0 | 3536| 1820| 
 b --+-----+-----+ 
 l 1 |  417|  647| 
 ----+-----+-----+ 
                   
  accuraccy: 0.6515576323987539
  precision: 0.2622618565058776
  recall:    0.6080827067669173
  f1:        0.3664684225431889
  mcc:       0.2050814435083378

------------------------------------
TRAINING canceldown-2-1-4-nhn_ohn_ lr_400_0_0
------------------------------------
err: 16.461213930997108
                  
 Confusion Matrix: 
                  
     | prediction| 
     |   0 |  1  | 
 ----+-----+-----+ 
 l 0 | 3536| 1820| 
 b --+-----+-----+ 
 l 1 |  417|  647| 
 ----+-----+-----+ 
                   
  accuraccy: 0.6515576323987539
  precision: 0.2622618565058776
  recall:    0.6080827067669173
  f1:        0.3664684225431889
  mcc:       0.2050814435083378

------------------------------------
TRAINING canceldown-2-1-4-nhn_ohn_ lr_1000_0_0
------------------------------------
err: 16.461213930997157
                  
 Confusion Matrix: 
                  
     | prediction| 
     |   0 |  1  | 
 ----+-----+-----+ 
 l 0 | 3536| 1820| 
 b --+-----+-----+ 
 l 1 |  417|  647| 
 ----+-----+-----+ 
                   
  accuraccy: 0.6515576323987539
  precision: 0.2622618565058776
  recall:    0.6080827067669173
  f1:        0.3664684225431889
  mcc:       0.2050814435083378
